{
  "stats": {
    "suites": 1,
    "tests": 4,
    "passes": 3,
    "pending": 0,
    "failures": 1,
    "start": "2024-11-06T10:32:36.375Z",
    "end": "2024-11-06T10:32:44.495Z",
    "duration": 8120,
    "testsRegistered": 4,
    "passPercent": 75,
    "pendingPercent": 0,
    "other": 0,
    "hasOther": false,
    "skipped": 0,
    "hasSkipped": false
  },
  "results": [
    {
      "uuid": "a98b1ab6-95da-4e63-a326-1453da3530c0",
      "title": "",
      "fullFile": "/Users/suellencarvalho/QAx/projects/codecept-express/e2e/tasks_test.js",
      "file": "/e2e/tasks_test.js",
      "beforeHooks": [],
      "afterHooks": [],
      "tests": [],
      "suites": [
        {
          "uuid": "a6014f4b-3746-42ad-99d8-dbb70beaf13f",
          "title": "tasks",
          "fullFile": "/Users/suellencarvalho/QAx/projects/codecept-express/e2e/tasks_test.js",
          "file": "/e2e/tasks_test.js",
          "beforeHooks": [
            {
              "title": "\"before all\" hook: codeceptjs.beforeSuite in \"tasks\"",
              "fullTitle": "tasks \"before all\" hook: codeceptjs.beforeSuite in \"tasks\"",
              "timedOut": false,
              "duration": 658,
              "state": null,
              "speed": null,
              "pass": false,
              "fail": false,
              "pending": false,
              "context": null,
              "code": "scenario.suiteSetup(suite)",
              "err": {},
              "uuid": "32dbac14-6299-4e25-ab7b-9b2a05f03cf5",
              "parentUUID": "a6014f4b-3746-42ad-99d8-dbb70beaf13f",
              "isHook": true,
              "skipped": false
            },
            {
              "title": "\"before each\" hook: codeceptjs.before in \"tasks\"",
              "fullTitle": "tasks \"before each\" hook: codeceptjs.before in \"tasks\"",
              "timedOut": false,
              "duration": 218,
              "state": null,
              "speed": null,
              "pass": false,
              "fail": false,
              "pending": false,
              "context": null,
              "code": "scenario.setup(suite)",
              "err": {},
              "uuid": "06f76571-fcbf-4441-815c-fcdb7016552e",
              "parentUUID": "a6014f4b-3746-42ad-99d8-dbb70beaf13f",
              "isHook": true,
              "skipped": false
            }
          ],
          "afterHooks": [
            {
              "title": "\"after all\" hook: codeceptjs.afterSuite in \"tasks\"",
              "fullTitle": "tasks \"after all\" hook: codeceptjs.afterSuite in \"tasks\"",
              "timedOut": false,
              "duration": 0,
              "state": null,
              "speed": null,
              "pass": false,
              "fail": false,
              "pending": false,
              "context": null,
              "code": "scenario.suiteTeardown(suite)",
              "err": {},
              "uuid": "d7f7cf0d-44ee-477f-be55-a42120e257df",
              "parentUUID": "a6014f4b-3746-42ad-99d8-dbb70beaf13f",
              "isHook": true,
              "skipped": false
            },
            {
              "title": "\"after each\" hook: finalize codeceptjs in \"tasks\"",
              "fullTitle": "tasks \"after each\" hook: finalize codeceptjs in \"tasks\"",
              "timedOut": false,
              "duration": 26,
              "state": null,
              "speed": null,
              "pass": false,
              "fail": false,
              "pending": false,
              "context": null,
              "code": "scenario.teardown(suite)",
              "err": {},
              "uuid": "ad9fbb6c-e32d-41ce-a2fa-ebaba1d2694f",
              "parentUUID": "a6014f4b-3746-42ad-99d8-dbb70beaf13f",
              "isHook": true,
              "skipped": false
            }
          ],
          "tests": [
            {
              "title": "deve poder cadastrar uma nova tarefa | {\"name\":\"Fazer compras\"}",
              "fullTitle": "tasks: deve poder cadastrar uma nova tarefa | {\"name\":\"Fazer compras\"}",
              "timedOut": false,
              "duration": 1975,
              "state": "passed",
              "speed": "slow",
              "pass": true,
              "fail": false,
              "pending": false,
              "context": null,
              "code": "I, tasksPage, current}) => {\n    const taskName = current.name\n    I.deleteByHelper(taskName)\n    tasksPage.create(taskName)\n    tasksPage.haveTask(taskName)",
              "err": {},
              "uuid": "83f463ce-4f2b-4a9b-855d-ba78d4ea1ec4",
              "parentUUID": "a6014f4b-3746-42ad-99d8-dbb70beaf13f",
              "isHook": false,
              "skipped": false
            },
            {
              "title": "deve poder cadastrar uma nova tarefa | {\"name\":\"Estudar Javascript\"}",
              "fullTitle": "tasks: deve poder cadastrar uma nova tarefa | {\"name\":\"Estudar Javascript\"}",
              "timedOut": false,
              "duration": 924,
              "state": "passed",
              "speed": "slow",
              "pass": true,
              "fail": false,
              "pending": false,
              "context": null,
              "code": "I, tasksPage, current}) => {\n    const taskName = current.name\n    I.deleteByHelper(taskName)\n    tasksPage.create(taskName)\n    tasksPage.haveTask(taskName)",
              "err": {},
              "uuid": "e240da08-517d-4c5e-9039-07082721f593",
              "parentUUID": "a6014f4b-3746-42ad-99d8-dbb70beaf13f",
              "isHook": false,
              "skipped": false
            },
            {
              "title": "deve poder cadastrar uma nova tarefa | {\"name\":\"Ler um livro de Node.js\"}",
              "fullTitle": "tasks: deve poder cadastrar uma nova tarefa | {\"name\":\"Ler um livro de Node.js\"}",
              "timedOut": false,
              "duration": 975,
              "state": "passed",
              "speed": "slow",
              "pass": true,
              "fail": false,
              "pending": false,
              "context": null,
              "code": "I, tasksPage, current}) => {\n    const taskName = current.name\n    I.deleteByHelper(taskName)\n    tasksPage.create(taskName)\n    tasksPage.haveTask(taskName)",
              "err": {},
              "uuid": "b660be0b-1474-4109-99a3-00da7d0cfbb3",
              "parentUUID": "a6014f4b-3746-42ad-99d8-dbb70beaf13f",
              "isHook": false,
              "skipped": false
            },
            {
              "title": "não deve cadastrar tarefas com nome duplicado @testeTag",
              "fullTitle": "tasks: não deve cadastrar tarefas com nome duplicado @testeTag",
              "timedOut": false,
              "duration": 2350,
              "state": "failed",
              "speed": null,
              "pass": false,
              "fail": true,
              "pending": false,
              "context": "\"não_deve_c_193e9200-3261-428d-8902-c7416077334d.failed.png\"",
              "code": "I, tasksPage }) => {\n    const task = {\n        name: 'Pagar a fatura do cartão',\n        is_done: false\n    }\n    I.deleteByHelper(task.name)\n    I.postTask(task)\n    tasksPage.create(task.name)\n    tasksPage.popUpHaveText('Task already exist!')\n    I.wait(5)",
              "err": {
                "message": null,
                "estack": null,
                "diff": "- Task already exists!\n+ Task already exist!\n"
              },
              "uuid": "193e9200-3261-428d-8902-c7416077334d",
              "parentUUID": "a6014f4b-3746-42ad-99d8-dbb70beaf13f",
              "isHook": false,
              "skipped": false
            }
          ],
          "suites": [],
          "passes": [
            "83f463ce-4f2b-4a9b-855d-ba78d4ea1ec4",
            "e240da08-517d-4c5e-9039-07082721f593",
            "b660be0b-1474-4109-99a3-00da7d0cfbb3"
          ],
          "failures": [
            "193e9200-3261-428d-8902-c7416077334d"
          ],
          "pending": [],
          "skipped": [],
          "duration": 6224,
          "root": false,
          "rootEmpty": false,
          "_timeout": 0
        }
      ],
      "passes": [],
      "failures": [],
      "pending": [],
      "skipped": [],
      "duration": 0,
      "root": true,
      "rootEmpty": true,
      "_timeout": 0
    }
  ],
  "meta": {
    "mocha": {
      "version": "10.8.2"
    },
    "mochawesome": {
      "options": {
        "quiet": false,
        "reportFilename": "mochawesome",
        "saveHtml": true,
        "saveJson": true,
        "consoleReporter": "spec",
        "useInlineDiffs": false,
        "code": true
      },
      "version": "7.1.3"
    },
    "marge": {
      "options": {
        "reportDir": "output"
      },
      "version": "6.2.0"
    }
  }
}